Resetting local database...
Recreating database...
Initialising schema...
Seeding globals from roles.sql...
Applying migration 00001_initial_schema.sql...
NOTICE (42710): extension "uuid-ossp" already exists, skipping
NOTICE (00000): table "security_logs" does not exist, skipping
NOTICE (00000): table "announcements" does not exist, skipping
NOTICE (00000): table "enrollments" does not exist, skipping
NOTICE (00000): table "user_timetables" does not exist, skipping
NOTICE (00000): table "study_sessions" does not exist, skipping
NOTICE (00000): table "submissions" does not exist, skipping
NOTICE (00000): table "assignments" does not exist, skipping
NOTICE (00000): table "grades" does not exist, skipping
NOTICE (00000): table "exams" does not exist, skipping
NOTICE (00000): table "todos" does not exist, skipping
NOTICE (00000): table "tasks" does not exist, skipping
NOTICE (00000): table "note_folders" does not exist, skipping
NOTICE (00000): table "notes" does not exist, skipping
NOTICE (00000): table "attendance" does not exist, skipping
NOTICE (00000): table "courses" does not exist, skipping
NOTICE (00000): table "profiles" does not exist, skipping
NOTICE (00000): table "medications" does not exist, skipping
NOTICE (00000): table "symptoms" does not exist, skipping
NOTICE (00000): table "timetable" does not exist, skipping
NOTICE (00000): table "timetables" does not exist, skipping
NOTICE (00000): table "study_plans" does not exist, skipping
NOTICE (00000): table "smart_notes" does not exist, skipping
NOTICE (00000): table "syllabi" does not exist, skipping
NOTICE (00000): table "deadlines" does not exist, skipping
NOTICE (00000): table "blocked_users" does not exist, skipping
NOTICE (00000): table "contact_messages" does not exist, skipping
NOTICE (00000): table "security_settings" does not exist, skipping
NOTICE (00000): table "moderation_queue" does not exist, skipping
NOTICE (00000): table "daily_metrics" does not exist, skipping
NOTICE (00000): table "ai_neural_memory" does not exist, skipping
NOTICE (00000): table "timetable_events" does not exist, skipping
NOTICE (00000): table "admin_reports" does not exist, skipping
NOTICE (00000): table "admin_users" does not exist, skipping
NOTICE (00000): table "blocked_ips" does not exist, skipping
NOTICE (00000): table "ip_logs" does not exist, skipping
NOTICE (00000): table "security_threats" does not exist, skipping
NOTICE (00000): table "support_tickets" does not exist, skipping
NOTICE (00000): table "user_activity_logs" does not exist, skipping
NOTICE (00000): trigger "on_profiles_updated" for relation "public.profiles" does not exist, skipping
NOTICE (00000): trigger "on_courses_updated" for relation "public.courses" does not exist, skipping
NOTICE (00000): trigger "on_notes_updated" for relation "public.notes" does not exist, skipping
NOTICE (00000): trigger "on_tasks_updated" for relation "public.tasks" does not exist, skipping
NOTICE (00000): trigger "on_todos_updated" for relation "public.todos" does not exist, skipping
NOTICE (00000): trigger "on_exams_updated" for relation "public.exams" does not exist, skipping
NOTICE (00000): trigger "on_grades_updated" for relation "public.grades" does not exist, skipping
NOTICE (00000): trigger "on_user_timetables_updated" for relation "public.user_timetables" does not exist, skipping
NOTICE (00000): trigger "on_admin_reports_updated" for relation "public.admin_reports" does not exist, skipping
NOTICE (00000): trigger "on_support_tickets_updated" for relation "public.support_tickets" does not exist, skipping
NOTICE (00000): trigger "on_security_settings_updated" for relation "public.security_settings" does not exist, skipping
NOTICE (00000): policy "Users can view their own profile" for relation "public.profiles" does not exist, skipping
NOTICE (00000): policy "Users can update their own profile" for relation "public.profiles" does not exist, skipping
NOTICE (00000): policy "Users can insert their own profile" for relation "public.profiles" does not exist, skipping
NOTICE (00000): policy "Users can manage their own notes" for relation "public.notes" does not exist, skipping
NOTICE (00000): policy "Users can manage their own folders" for relation "public.note_folders" does not exist, skipping
NOTICE (00000): policy "Users can manage their own tasks" for relation "public.tasks" does not exist, skipping
NOTICE (00000): policy "Users can manage their own todos" for relation "public.todos" does not exist, skipping
NOTICE (00000): policy "Users can manage their own exams" for relation "public.exams" does not exist, skipping
NOTICE (00000): policy "Users can view their own grades" for relation "public.grades" does not exist, skipping
NOTICE (00000): policy "Users can manage their own study sessions" for relation "public.study_sessions" does not exist, skipping
NOTICE (00000): policy "Users can manage their own timetables" for relation "public.user_timetables" does not exist, skipping
NOTICE (00000): policy "Students can manage their own submissions" for relation "public.submissions" does not exist, skipping
NOTICE (00000): policy "Users can manage their own courses" for relation "public.courses" does not exist, skipping
NOTICE (00000): policy "Students can view enrolled courses" for relation "public.courses" does not exist, skipping
NOTICE (00000): policy "Users can view their own enrollments" for relation "public.enrollments" does not exist, skipping
NOTICE (00000): policy "Users can manage their own medications" for relation "public.medications" does not exist, skipping
NOTICE (00000): policy "Users can manage their own symptoms" for relation "public.symptoms" does not exist, skipping
NOTICE (00000): policy "Users can manage their own reports" for relation "public.reports" does not exist, skipping
NOTICE (00000): policy "Users can manage their own legacy timetable" for relation "public.timetable" does not exist, skipping
NOTICE (00000): policy "Users can manage their own extended timetables" for relation "public.timetables" does not exist, skipping
NOTICE (00000): policy "Users can manage their own attendance" for relation "public.attendance" does not exist, skipping
NOTICE (00000): policy "Teachers can manage attendance for their courses" for relation "public.attendance" does not exist, skipping
NOTICE (00000): policy "Users can view their own security logs" for relation "public.security_logs" does not exist, skipping
NOTICE (00000): policy "Users can manage their own study plans" for relation "public.study_plans" does not exist, skipping
NOTICE (00000): policy "Users can manage their own smart notes" for relation "public.smart_notes" does not exist, skipping
NOTICE (00000): policy "Users can manage their own syllabi" for relation "public.syllabi" does not exist, skipping
NOTICE (00000): policy "Users can manage their own deadlines" for relation "public.deadlines" does not exist, skipping
NOTICE (00000): policy "Admins can manage blocked users" for relation "public.blocked_users" does not exist, skipping
NOTICE (00000): policy "Anyone can submit contact messages" for relation "public.contact_messages" does not exist, skipping
NOTICE (00000): policy "Admins can manage contact messages" for relation "public.contact_messages" does not exist, skipping
NOTICE (00000): policy "Admins can manage security settings" for relation "public.security_settings" does not exist, skipping
NOTICE (00000): policy "Admins can manage moderation queue" for relation "public.moderation_queue" does not exist, skipping
NOTICE (00000): policy "Admins can manage daily metrics" for relation "public.daily_metrics" does not exist, skipping
NOTICE (00000): policy "Users can manage their own timetable" for relation "public.timetable_events" does not exist, skipping
NOTICE (00000): policy "Users can see if they are blocked" for relation "public.blocked_users" does not exist, skipping
NOTICE (00000): policy "Users can manage their own neural memory" for relation "public.ai_neural_memory" does not exist, skipping
NOTICE (00000): policy "Users can view their own reports" for relation "public.admin_reports" does not exist, skipping
NOTICE (00000): policy "Admins can manage all reports" for relation "public.admin_reports" does not exist, skipping
NOTICE (00000): policy "Users can manage their own support tickets" for relation "public.support_tickets" does not exist, skipping
NOTICE (00000): policy "Admins can manage all support tickets" for relation "public.support_tickets" does not exist, skipping
NOTICE (00000): policy "Users can view their own activity logs" for relation "public.user_activity_logs" does not exist, skipping
NOTICE (00000): policy "Admins can manage security threats" for relation "public.security_threats" does not exist, skipping
NOTICE (00000): policy "Admins can view all IP logs" for relation "public.ip_logs" does not exist, skipping
NOTICE (00000): policy "Admins can manage admin users" for relation "public.admin_users" does not exist, skipping
WARN: no files matched pattern: supabase/seed.sql
Restarting containers...
Finished supabase db reset on branch main.
A new version of Supabase CLI is available: v2.95.4 (currently installed v2.90.0)
We recommend updating regularly for new features and bug fixes: https://supabase.com/docs/guides/cli/getting-started#updating-the-supabase-cli
